
> fantula-frontend@1.0.0 dev
> nuxt dev

│
●  Nuxt 3.21.1 (with Nitro 2.13.1, Vite 7.3.1 and Vue 3.5.28)

  ➜ Local:    http://localhost:3000/
  ➜ Network:  use --host to expose

  ➜ DevTools: press Shift + Option + D in the browser (v3.2.1)


 WARN  Duplicated imports "useBizFormat", the one from "/Users/dalin/fantula/nuxt-frontend/composables/admin/useBizFormat.ts" has been ignored and "/Users/dalin/fantula/nuxt-frontend/composables/common/useBizFormat.ts" is used

✔ Vite client built in 43ms

 WARN  Duplicated imports "useBizFormat", the one from "/Users/dalin/fantula/nuxt-frontend/composables/admin/useBizFormat.ts" has been ignored and "/Users/dalin/fantula/nuxt-frontend/composables/common/useBizFormat.ts" is used

✔ Vite server built in 708ms
[nitro] ✔ Nuxt Nitro server built in 853ms
ℹ Vite server warmed up in 1ms
ℹ Vite client warmed up in 1ms
ERROR  [OAuthLogin] WeChat API error: { errcode: 40029, errmsg: 'invalid code, rid: 699297cf-527d1237-33f8913f' }
ERROR  [OAuthLogin] Error: invalid code, rid: 699297cf-527d1237-33f8913f

    at createError (node_modules/h3/dist/index.mjs:71:15)
    at Object.handler (.nuxt/dev/index.mjs:8581:13)
    at process.processTicksAndRejections (node:internal/process/task_queues:103:5)
    at async node_modules/h3/dist/index.mjs:2011:19
    at async Object.callAsync (node_modules/unctx/dist/index.mjs:72:16)
    at async Server.toNodeHandle (node_modules/h3/dist/index.mjs:2303:7)

  [cause]: invalid code, rid: 699297cf-527d1237-33f8913f
ℹ hmr update /@id/virtual:nuxt:%2FUsers%2Fdalin%2Ffantula%2Fnuxt-frontend%2F.nuxt%2Froutes.mjs, /pages/mobile/wechat-callback.vue?macro=true
ℹ hmr update /pages/mobile/wechat-callback.vue, /pages/mobile/wechat-callback.vue?direct&vue&type=style&index=0&scoped=af6b5212&lang.css, /pages/mobile/wechat-callback.vue?direct&vue&type=style&index=1&lang.css, /pages/mobile/wechat-callback.vue?macro=true, /@id/virtual:nuxt:%2FUsers%2Fdalin%2Ffantula%2Fnuxt-frontend%2F.nuxt%2Froutes.mjs
ERROR  [OAuthLogin] WeChat API error: { errcode: 40029, errmsg: 'invalid code, rid: 6992984c-07b2b52b-6f6765ab' }
ERROR  [OAuthLogin] Error: invalid code, rid: 6992984c-07b2b52b-6f6765ab

    at createError (node_modules/h3/dist/index.mjs:71:15)
    at Object.handler (.nuxt/dev/index.mjs:8581:13)
    at process.processTicksAndRejections (node:internal/process/task_queues:103:5)
    at async node_modules/h3/dist/index.mjs:2011:19
    at async Object.callAsync (node_modules/unctx/dist/index.mjs:72:16)
    at async Server.toNodeHandle (node_modules/h3/dist/index.mjs:2303:7)

  [cause]: invalid code, rid: 6992984c-07b2b52b-6f6765ab
[nitro] ✔ Nuxt Nitro server built in 432ms
